Arguments: 
  D:\Program Files\nodejs\node.exe C:\Users\Administrator\AppData\Roaming\npm\node_modules\yarn\bin\yarn.js

PATH: 
  C:\Users\Administrator\.windows-build-tools\python27\;C:\Users\Administrator\.windows-build-tools\python27\Scripts;D:\RailsInstaller\Git\cmd;D:\RailsInstaller\Ruby2.1.0\bin;C:\RailsInstaller\Git\cmd;C:\RailsInstaller\Ruby2.1.0\bin;C:\ProgramData\Oracle\Java\javapath;C:\Program Files (x86)\NVIDIA Corporation\PhysX\Common;C:\Program Files (x86)\Intel\iCLS Client\;C:\Program Files\Intel\iCLS Client\;C:\Windows\system32;C:\Windows;C:\Windows\System32\Wbem;C:\Windows\System32\WindowsPowerShell\v1.0\;C:\Program Files\Intel\Intel(R) Management Engine Components\DAL;C:\Program Files\Intel\Intel(R) Management Engine Components\IPT;C:\Program Files (x86)\Intel\Intel(R) Management Engine Components\DAL;C:\Program Files (x86)\Intel\Intel(R) Management Engine Components\IPT;C:\Program Files\Lenovo Fingerprint Reader\;C:\Program Files\Lenovo Fingerprint Reader\x86\;D:\Program Files\Microsoft SQL Server\120\DTS\Binn\;D:\Program Files\Microsoft SQL Server\Client SDK\ODBC\110\Tools\Binn\;D:\Program Files (x86)\Microsoft SQL Server\120\Tools\Binn\;D:\Program Files\Microsoft SQL Server\120\Tools\Binn\;D:\Program Files (x86)\Microsoft SQL Server\120\Tools\Binn\ManagementStudio\;D:\Program Files (x86)\Microsoft SQL Server\120\DTS\Binn\;C:\Program Files\TortoiseSVN\bin;C:\Program Files (x86)\Java\jre1.8.0_25\bin;.;C:\Program Files (x86)\Java\jdk1.8.0_25\\bin;C:\Program Files (x86)\CMake\bin;C:\Program Files (x86)\Notepad++;D:\Program Files\erl7.2.1\bin;E:\androidSDKdev\android2\platform-tools;E:\androidSDKdev\android2\tools;C:\Program Files\Git\cmd;C:\Program Files\Git\mingw64\bin;C:\Program Files\Git\usr\bin;C:\Program Files (x86)\xsvr-explorer;C:\Users\Administrator\Desktop\Sublime Text;C:\Program Files (x86)\Notepad++;D:\Program Files (x86)\Microsoft VS Code;E:\angdempapp\demo\ng-rx-redux-demo\node_modules\.bin;E:\angdempapp\ng-rx-redux-demo\node_modules\.bin;C:\Program Files (x86)\Windows Kits\8.1\Windows Performance Toolkit\;D:\python27;C:\Program Files\TortoiseGit\bin;E:\apache-maven-3.3.9\bin;D:\Go\bin;D:\Program Files\nodejs\;C:\Program Files (x86)\sox-14-4-2;C:\Users\Administrator\.cargo\bin;C:\Program Files (x86)\SSH Communications Security\SSH Secure Shell;C:\Program Files (x86)\Microsoft VS Code\bin;E:\minio;C:\Users\Administrator\AppData\Local\Programs\Fiddler;D:\Program Files\Microsoft VS Code\bin;C:\Users\Administrator\AppData\Roaming\npm;C:\Users\Administrator\AppData\Local\GitHubDesktop\bin;.;;.;;.;;.;;.;;.;;.;;.;;.;;.;

Yarn version: 
  1.3.2

Node version: 
  8.9.1

Platform: 
  win32 x64

npm manifest: 
  {
    "name": "tsappdemo",
    "version": "1.0.0",
    "main": "index.js",
    "license": "MIT",
    "dependencies": {
      "shortid": "^2.2.8"
    },
    "devDependencies": {
      "@types/shortid": "^0.0.29"
    }
  }

yarn manifest: 
  No manifest

Lockfile: 
  # THIS IS AN AUTOGENERATED FILE. DO NOT EDIT THIS FILE DIRECTLY.
  # yarn lockfile v1
  
  
  "@types/shortid@^0.0.29":
    version "0.0.29"
    resolved "https://registry.yarnpkg.com/@types/shortid/-/shortid-0.0.29.tgz#8093ee0416a6e2bf2aa6338109114b3fbffa0e9b"
  
  shortid@^2.2.8:
    version "2.2.8"
    resolved "https://registry.yarnpkg.com/shortid/-/shortid-2.2.8.tgz#033b117d6a2e975804f6f0969dbe7d3d0b355131"

Trace: 
  Error: connect ETIMEDOUT 104.16.61.173:443
      at Object._errnoException (util.js:1024:11)
      at _exceptionWithHostPort (util.js:1046:20)
      at TCPConnectWrap.afterConnect [as oncomplete] (net.js:1182:14)
